<?xml version="1.0" encoding="UTF-8"?>
<testsuite xmlns:xsi="http://www.w3.org/2001/XMLSchema-instance" xsi:noNamespaceSchemaLocation="https://maven.apache.org/surefire/maven-surefire-plugin/xsd/surefire-test-report-3.0.xsd" version="3.0" name="TestSuite" time="12.471" tests="15" errors="0" skipped="14" failures="1">
  <properties>
[...]
</properties>
  <testcase name="setUp" classname="co.pragra.learning.fullstackqa.b15framework.testcases.TopNavBarTest" time="12.154">
    <failure message="The driver executable does not exist: C:\Automation\chromedriver" type="java.lang.IllegalStateException"><![CDATA[java.lang.IllegalStateException: The driver executable does not exist: C:\Automation\chromedriver
]]></failure>
    <system-out><![CDATA[target\reports\Report.html
]]></system-out>
    <system-err><![CDATA[Starting ChromeDriver 80.0.3987.106 (f68069574609230cf9b635cd784cfb1bf81bb53a-refs/branch-heads/3987@{#882}) on port 22818
Only local connections are allowed.
Please protect ports used by ChromeDriver and related test frameworks to prevent access by malicious code.
Apr. 19, 2020 5:56:02 P.M. org.openqa.selenium.remote.ProtocolHandshake createSession
INFO: Detected dialect: W3C
[1587333362.652][SEVERE]: Timed out receiving message from renderer: 0.100
[1587333362.966][SEVERE]: Timed out receiving message from renderer: 0.100
[1587333363.480][SEVERE]: Timed out receiving message from renderer: 0.100
[1587333364.060][SEVERE]: Timed out receiving message from renderer: 0.100
[1587333364.567][SEVERE]: Timed out receiving message from renderer: 0.100
[1587333365.217][SEVERE]: Timed out receiving message from renderer: 0.100
[1587333365.318][SEVERE]: Timed out receiving message from renderer: 0.100
[1587333365.425][SEVERE]: Timed out receiving message from renderer: 0.100
[1587333365.530][SEVERE]: Timed out receiving message from renderer: 0.100
[1587333365.636][SEVERE]: Timed out receiving message from renderer: 0.100
[1587333365.740][SEVERE]: Timed out receiving message from renderer: 0.100
[1587333365.855][SEVERE]: Timed out receiving message from renderer: 0.100
[1587333365.961][SEVERE]: Timed out receiving message from renderer: 0.100
[1587333366.064][SEVERE]: Timed out receiving message from renderer: 0.100
[1587333366.167][SEVERE]: Timed out receiving message from renderer: 0.100
[1587333366.268][SEVERE]: Timed out receiving message from renderer: 0.100
[1587333366.372][SEVERE]: Timed out receiving message from renderer: 0.100
[1587333366.476][SEVERE]: Timed out receiving message from renderer: 0.100
[1587333366.577][SEVERE]: Timed out receiving message from renderer: 0.100
[1587333366.710][SEVERE]: Timed out receiving message from renderer: 0.100
[1587333366.812][SEVERE]: Timed out receiving message from renderer: 0.100
[1587333366.916][SEVERE]: Timed out receiving message from renderer: 0.100
[1587333367.019][SEVERE]: Timed out receiving message from renderer: 0.100
[1587333367.128][SEVERE]: Timed out receiving message from renderer: 0.100
[1587333367.231][SEVERE]: Timed out receiving message from renderer: 0.100
[1587333367.334][SEVERE]: Timed out receiving message from renderer: 0.100
[1587333367.554][SEVERE]: Timed out receiving message from renderer: 0.100
[1587333367.661][SEVERE]: Timed out receiving message from renderer: 0.100
[1587333367.765][SEVERE]: Timed out receiving message from renderer: 0.100
[1587333367.868][SEVERE]: Timed out receiving message from renderer: 0.100
[1587333367.971][SEVERE]: Timed out receiving message from renderer: 0.100
[1587333368.634][SEVERE]: Timed out receiving message from renderer: 0.100
[1587333368.737][SEVERE]: Timed out receiving message from renderer: 0.100
[1587333368.841][SEVERE]: Timed out receiving message from renderer: 0.100
[1587333368.944][SEVERE]: Timed out receiving message from renderer: 0.100
[1587333369.048][SEVERE]: Timed out receiving message from renderer: 0.100
[1587333369.154][SEVERE]: Timed out receiving message from renderer: 0.100
[1587333369.259][SEVERE]: Timed out receiving message from renderer: 0.100
[1587333369.367][SEVERE]: Timed out receiving message from renderer: 0.100
]]></system-err>
  </testcase>
  <testcase name="ContactSales" classname="co.pragra.learning.fullstackqa.b15framework.testcases.TopNavBarTest" time="0">
    <skipped message="The driver executable does not exist: C:\Automation\chromedriver"/>
  </testcase>
  <testcase name="JoinMeeting" classname="co.pragra.learning.fullstackqa.b15framework.testcases.TopNavBarTest" time="0">
    <skipped message="The driver executable does not exist: C:\Automation\chromedriver"/>
  </testcase>
  <testcase name="PlanPricing" classname="co.pragra.learning.fullstackqa.b15framework.testcases.TopNavBarTest" time="0">
    <skipped message="The driver executable does not exist: C:\Automation\chromedriver"/>
  </testcase>
  <testcase name="clickOnDownloadZoom" classname="co.pragra.learning.fullstackqa.b15framework.testcases.TopNavBarTest" time="0">
    <skipped message="The driver executable does not exist: C:\Automation\chromedriver"/>
  </testcase>
  <testcase name="signInTest" classname="co.pragra.learning.fullstackqa.b15framework.testcases.TopNavBarTest" time="0">
    <skipped message="The driver executable does not exist: C:\Automation\chromedriver"/>
  </testcase>
  <testcase name="testClickOnBlog" classname="co.pragra.learning.fullstackqa.b15framework.testcases.TopNavBarTest" time="0">
    <skipped message="The driver executable does not exist: C:\Automation\chromedriver"/>
  </testcase>
  <testcase name="testClickOnFaq" classname="co.pragra.learning.fullstackqa.b15framework.testcases.TopNavBarTest" time="0">
    <skipped message="The driver executable does not exist: C:\Automation\chromedriver"/>
  </testcase>
  <testcase name="testClickOnLiveTraining" classname="co.pragra.learning.fullstackqa.b15framework.testcases.TopNavBarTest" time="0">
    <skipped message="The driver executable does not exist: C:\Automation\chromedriver"/>
  </testcase>
  <testcase name="testClickOnRequestDemo" classname="co.pragra.learning.fullstackqa.b15framework.testcases.TopNavBarTest" time="0">
    <skipped message="The driver executable does not exist: C:\Automation\chromedriver"/>
  </testcase>
  <testcase name="testClickOnSupport" classname="co.pragra.learning.fullstackqa.b15framework.testcases.TopNavBarTest" time="0">
    <skipped message="The driver executable does not exist: C:\Automation\chromedriver"/>
  </testcase>
  <testcase name="testClickOnVideoTutorial" classname="co.pragra.learning.fullstackqa.b15framework.testcases.TopNavBarTest" time="0">
    <skipped message="The driver executable does not exist: C:\Automation\chromedriver"/>
  </testcase>
  <testcase name="testClickOnWebinarsEvents" classname="co.pragra.learning.fullstackqa.b15framework.testcases.TopNavBarTest" time="0">
    <skipped message="The driver executable does not exist: C:\Automation\chromedriver"/>
  </testcase>
  <testcase name="tearDown" classname="co.pragra.learning.fullstackqa.b15framework.testcases.TopNavBarTest" time="0">
    <skipped/>
  </testcase>
  <testcase name="testBroser" classname="co.pragra.learning.fullstackqa.b15framework.testcases.HomePageTest" time="0">
    <skipped message="The driver executable does not exist: C:\Automation\chromedriver"/>
  </testcase>
</testsuite>